<?xml version="1.0" encoding="UTF-8"?>
<testng-results ignored="0" total="1" passed="1" failed="0" skipped="0">
  <reporter-output>
    <line>
      <![CDATA[Contact link clicked]]>
    </line>
    <line>
      <![CDATA[Create Contact Button clicked]]>
    </line>
    <line>
      <![CDATA[Contact has been created]]>
    </line>
  </reporter-output>
  <suite started-at="2026-01-09T15:37:41 IST" name="Default suite" finished-at="2026-01-09T15:37:58 IST" duration-ms="17231">
    <groups>
      <group name="RegressionSuite">
        <method signature="ContactTest.tc_002_CreateContact()[pri:0, instance:practice.ContactTest@2a5c8d3f]" name="tc_002_CreateContact" class="practice.ContactTest"/>
      </group> <!-- RegressionSuite -->
    </groups>
    <test started-at="2026-01-09T15:37:41 IST" name="Default test" finished-at="2026-01-09T15:37:58 IST" duration-ms="17231">
      <class name="practice.ContactTest">
        <test-method is-config="true" signature="bsConfig()[pri:0, instance:practice.ContactTest@2a5c8d3f]" started-at="2026-01-09T15:37:41 IST" name="bsConfig" finished-at="2026-01-09T15:37:41 IST" duration-ms="16" status="PASS">
          <reporter-output>
          </reporter-output>
        </test-method> <!-- bsConfig -->
        <test-method is-config="true" signature="bcConfig()[pri:0, instance:practice.ContactTest@2a5c8d3f]" started-at="2026-01-09T15:37:41 IST" name="bcConfig" finished-at="2026-01-09T15:37:45 IST" duration-ms="3618" status="PASS">
          <reporter-output>
          </reporter-output>
        </test-method> <!-- bcConfig -->
        <test-method is-config="true" signature="btConfig()[pri:0, instance:practice.ContactTest@2a5c8d3f]" started-at="2026-01-09T15:37:45 IST" name="btConfig" finished-at="2026-01-09T15:37:45 IST" duration-ms="694" status="PASS">
          <reporter-output>
          </reporter-output>
        </test-method> <!-- btConfig -->
        <test-method signature="tc_002_CreateContact()[pri:0, instance:practice.ContactTest@2a5c8d3f]" started-at="2026-01-09T15:37:45 IST" name="tc_002_CreateContact" finished-at="2026-01-09T15:37:57 IST" duration-ms="11373" status="PASS">
          <reporter-output>
            <line>
              <![CDATA[Contact link clicked]]>
            </line>
            <line>
              <![CDATA[Create Contact Button clicked]]>
            </line>
            <line>
              <![CDATA[Contact has been created]]>
            </line>
          </reporter-output>
        </test-method> <!-- tc_002_CreateContact -->
        <test-method is-config="true" signature="atConfig()[pri:0, instance:practice.ContactTest@2a5c8d3f]" started-at="2026-01-09T15:37:57 IST" name="atConfig" finished-at="2026-01-09T15:37:57 IST" duration-ms="570" status="PASS">
          <reporter-output>
          </reporter-output>
        </test-method> <!-- atConfig -->
        <test-method is-config="true" signature="acConfig()[pri:0, instance:practice.ContactTest@2a5c8d3f]" started-at="2026-01-09T15:37:57 IST" name="acConfig" finished-at="2026-01-09T15:37:58 IST" duration-ms="448" status="PASS">
          <reporter-output>
          </reporter-output>
        </test-method> <!-- acConfig -->
        <test-method is-config="true" signature="closeConfig()[pri:0, instance:practice.ContactTest@2a5c8d3f]" started-at="2026-01-09T15:37:59 IST" name="closeConfig" finished-at="2026-01-09T15:37:59 IST" duration-ms="1" status="PASS">
          <reporter-output>
          </reporter-output>
        </test-method> <!-- closeConfig -->
      </class> <!-- practice.ContactTest -->
    </test> <!-- Default test -->
  </suite> <!-- Default suite -->
</testng-results>
