<?xml version="1.0" encoding="UTF-8"?>
<!-- Generated by org.testng.reporters.JUnitReportReporter -->
<testsuite hostname="FFE-Tushar-Jadhav" failures="0" tests="1" name="practice.ContactTest" time="12.637" errors="0" timestamp="2026-01-09T15:37:59 IST" skipped="0">
  <testcase classname="practice.ContactTest" name="tc_002_CreateContact" time="12.637">
    <system-out>
      <![CDATA[Contact link clicked
Create Contact Button clicked
Contact has been created]]>
    </system-out>
  </testcase> <!-- tc_002_CreateContact -->
  <system-out>
    <![CDATA[Contact link clicked
Create Contact Button clicked
Contact has been created]]>
  </system-out>
</testsuite> <!-- practice.ContactTest -->
